<?xml version="1.0" encoding="UTF-8"?>
<!-- Generated by org.testng.reporters.JUnitReportReporter -->
<testsuite skipped="0" hostname="LAPTOP-QT3AGEE4" name="tests.NewListTest" tests="2" failures="0" timestamp="02 Aug 2019 06:39:55 GMT" time="10.101" errors="0">
  <testcase name="new01_createListWith" time="4.572" classname="tests.NewListTest"/>
  <testcase name="new02_newList1newList2" time="5.529" classname="tests.NewListTest"/>
</testsuite> <!-- tests.NewListTest -->
