<?xml version="1.0" encoding="UTF-8"?>
<!-- Generated by org.testng.reporters.JUnitReportReporter -->
<testsuite skipped="0" hostname="LAPTOP-QT3AGEE4" name="tests.TestNG1" tests="2" failures="0" timestamp="12 Jul 2019 09:22:10 GMT" time="1.021" errors="0">
  <testcase name="add02_addMoreTasks" time="0.714" classname="tests.TestNG1"/>
  <testcase name="add01_addSimpleTask" time="0.307" classname="tests.TestNG1"/>
</testsuite> <!-- tests.TestNG1 -->
